////// sequential_upper with col_find_iter:
File read in 365 ms
Reorder in 0 ms
Reverse graph created in 57 ms
Finding fills
Found fills in 6140 ms
Creating elimination tree (transitive reduction)
Tree with topological depth 35400 for rows 52329 created in 7ms
Reversing Graph
Total nonzero: 114134033
Normalized graph in 1037 ms
Initializing result matrix
R Mat 114134033 114134033
Graph created in 9628 ms
0 52329
1000 52329
...
51000 52329
52000 52329
Total iteration: 544494610482
Operation completed for 114134033 nonzeros in 540987 ms
File written in 42395 ms
Program completed in 593377 ms

////// sequential_upper with col_find_custom_iter:
File read in 371 ms
Reorder in 0 ms
Reverse graph created in 57 ms
Finding fills
Found fills in 6392 ms
Creating elimination tree (transitive reduction)
Tree with topological depth 35400 for rows 52329 created in 7ms
Reversing Graph
Total nonzero: 114134033
Normalized graph in 1036 ms
Initializing result matrix
R Mat 114134033 114134033
Graph created in 9894 ms
0 52329
1000 52329
...
51000 52329
52000 52329
Total iteration: 706722663614
Operation completed for 114134033 nonzeros in 727595 ms
File written in 41058 ms
Program completed in 778919 ms

// Reorder
File read in 390 ms

symamd version 2.8, Jun 1, 2012: OK.  
symamd: number of dense or empty rows ignored:           0
symamd: number of dense or empty columns ignored:        0
symamd: number of garbage collections performed:         0
Reorder in 144 ms
Reverse graph created in 182 ms
Finding fills
Found fills in 243 ms
Creating elimination tree (transitive reduction)
Tree with topological depth 4098 for rows 52329 created in 6ms
Reversing Graph
Total nonzero: 5340052
Normalized graph in 61 ms
Initializing result matrix
R Mat 5340052 5340052
Graph created in 680 ms
0 52329
1000 52329
...
51000 52329
52000 52329
Total iteration: 2587336855
Operation completed for 5340052 nonzeros in 2036 ms
File written in 1070 ms
Program completed in 4177 ms
