matrices/1138_bus.mtx
Original
Calculate
Elapsed time is 0.461545 seconds.
-----------

matrices/apache2.mtx
Original
Calculate
-----------

matrices/bcsstk03.mtx
Original
Calculate
Elapsed time is 0.000322819 seconds.
-----------

matrices/cond-mat.mtx
Original
Calculate
-----------

matrices/consph.mtx
Original
Calculate
Elapsed time is 453.161 seconds.
-----------

matrices/ct20stif.mtx
Original
Calculate
Elapsed time is 66.4766 seconds.
-----------

matrices/nd24k.mtx
Original
Calculate
-----------

matrices/offshore.mtx
Original
Calculate
-----------

matrices/parabolic_fem.mtx
Original
Calculate
-----------

matrices/s3dkq4m2.mtx
Original
Calculate
Elapsed time is 14.3477 seconds.
-----------

matrices/s3rmt3m3.mtx
Original
Calculate
Elapsed time is 0.098269 seconds.
-----------

matrices/1138_bus.mtx
Reorder
Calculate
Elapsed time is 0.000192165 seconds.
-----------

matrices/apache2.mtx
Reorder
Calculate
Elapsed time is 47.0199 seconds.
-----------

matrices/bcsstk03.mtx
Reorder
Calculate
Elapsed time is 8.67844e-05 seconds.
-----------

matrices/cond-mat.mtx
Reorder
Calculate
-----------

matrices/consph.mtx
Reorder
Calculate
Elapsed time is 18.5409 seconds.
-----------

matrices/ct20stif.mtx
Reorder
Calculate
Elapsed time is 2.97546 seconds.
-----------

matrices/nd24k.mtx
Reorder
Calculate
Elapsed time is 85.5413 seconds.
-----------

matrices/offshore.mtx
Reorder
Calculate
Elapsed time is 33.001 seconds.
-----------

matrices/parabolic_fem.mtx
Reorder
Calculate
Elapsed time is 10.9473 seconds.
-----------

matrices/s3dkq4m2.mtx
Reorder
Calculate
Elapsed time is 3.77553 seconds.
-----------

matrices/s3rmt3m3.mtx
Reorder
Calculate
Elapsed time is 0.524482 seconds.
-----------

