Original Sequential Lower


Start for matrices/1138_bus.mtx
File read in 0 ms
Reverse graph created in 0 ms
Finding fills
Found fills in 1 ms
Creating elimination tree (transitive reduction)
Tree with topological depth 544 for rows 1138 created in 0ms
Reversing Graph
Total nonzero: 38312
Normalized graph in 0 ms
Initializing result matrix
R Mat 38312 38312
Graph created in 2 ms
Operation completed for 38312 nonzeros in 3 ms
Total time except disk io: 6 ms
Program completed in 7 ms
-----------

Original Sequential Lower


Start for matrices/apache2.mtx
File read in 630 ms
Reverse graph created in 54 ms
Finding fills
-----------

Original Sequential Lower


Start for matrices/bcsstk03.mtx
File read in 0 ms
Reverse graph created in 0 ms
Finding fills
Found fills in 0 ms
Creating elimination tree (transitive reduction)
Tree with topological depth 56 for rows 112 created in 0ms
Reversing Graph
Total nonzero: 384
Normalized graph in 0 ms
Initializing result matrix
R Mat 384 384
Graph created in 0 ms
Operation completed for 384 nonzeros in 0 ms
Total time except disk io: 0 ms
Program completed in 1 ms
-----------

Original Sequential Lower


Start for matrices/cond-mat.mtx
File read in 11 ms
Reverse graph created in 2 ms
Finding fills
Found fills in 3117 ms
Creating elimination tree (transitive reduction)
Tree with topological depth 12288 for rows 16726 created in 2ms
Reversing Graph
Total nonzero: 51860569
Normalized graph in 663 ms
Initializing result matrix
R Mat 51860569 51860569
Graph created in 4894 ms
Operation completed for 51860569 nonzeros in 179309 ms
Total time except disk io: 184203 ms
Program completed in 184233 ms
-----------

Original Sequential Lower


Start for matrices/consph.mtx
File read in 912 ms
Reverse graph created in 116 ms
Finding fills
Found fills in 13567 ms
Creating elimination tree (transitive reduction)
Tree with topological depth 78946 for rows 83334 created in 9ms
Reversing Graph
Total nonzero: 233105600
Normalized graph in 2631 ms
Initializing result matrix
R Mat 233105600 233105600
Graph created in 21216 ms
Operation completed for 233105600 nonzeros in 1142019 ms
Total time except disk io: 1163236 ms
Program completed in 1164211 ms
-----------

Original Sequential Lower


Start for matrices/ct20stif.mtx
File read in 444 ms
Reverse graph created in 62 ms
Finding fills
Found fills in 6885 ms
Creating elimination tree (transitive reduction)
Tree with topological depth 35400 for rows 52329 created in 6ms
Reversing Graph
Total nonzero: 114134033
Normalized graph in 1437 ms
Initializing result matrix
R Mat 114134033 114134033
Graph created in 10882 ms
Operation completed for 114134033 nonzeros in 536464 ms
Total time except disk io: 547346 ms
Program completed in 547818 ms
-----------

Original Sequential Lower


Start for matrices/nd24k.mtx
File read in 4378 ms
Reverse graph created in 1465 ms
Finding fills
-----------

Original Sequential Lower


Start for matrices/offshore.mtx
File read in 788 ms
Reverse graph created in 127 ms
Finding fills
-----------

Original Sequential Lower


Start for matrices/parabolic_fem.mtx
File read in 801 ms
Reverse graph created in 83 ms
Finding fills
-----------

Original Sequential Lower


Start for matrices/s3dkq4m2.mtx
File read in 809 ms
Reverse graph created in 82 ms
Finding fills
Found fills in 3013 ms
Creating elimination tree (transitive reduction)
Tree with topological depth 90449 for rows 90449 created in 10ms
Reversing Graph
Total nonzero: 55071893
Normalized graph in 567 ms
Initializing result matrix
R Mat 55071893 55071893
Graph created in 4884 ms
Operation completed for 55071893 nonzeros in 26990 ms
Total time except disk io: 31875 ms
Program completed in 32709 ms
-----------

Original Sequential Lower


Start for matrices/s3rmt3m3.mtx
File read in 43 ms
Reverse graph created in 3 ms
Finding fills
Found fills in 111 ms
Creating elimination tree (transitive reduction)
Tree with topological depth 5281 for rows 5357 created in 0ms
Reversing Graph
Total nonzero: 2209007
Normalized graph in 22 ms
Initializing result matrix
R Mat 2209007 2209007
Graph created in 188 ms
Operation completed for 2209007 nonzeros in 2117 ms
Total time except disk io: 2306 ms
Program completed in 2350 ms
-----------

Reorder Sequential Lower


Start for matrices/1138_bus.mtx
File read in 0 ms
Reorder in 0 ms
Reverse graph created in 0 ms
Finding fills
Found fills in 0 ms
Creating elimination tree (transitive reduction)
Tree with topological depth 40 for rows 1138 created in 0ms
Reversing Graph
Total nonzero: 3264
Normalized graph in 0 ms
Initializing result matrix
R Mat 3264 3264
Graph created in 1 ms
Operation completed for 3264 nonzeros in 0 ms
Total time except disk io: 0 ms
Program completed in 1 ms
-----------

Reorder Sequential Lower


Start for matrices/apache2.mtx
File read in 652 ms
Reorder in 538 ms
Reverse graph created in 668 ms
Finding fills
Found fills in 8177 ms
Creating elimination tree (transitive reduction)
Tree with topological depth 13984 for rows 715176 created in 72ms
Reversing Graph
Total nonzero: 166885643
Normalized graph in 1931 ms
Initializing result matrix
R Mat 166885643 166885643
Graph created in 14466 ms
Operation completed for 166885643 nonzeros in 406095 ms
Total time except disk io: 420023 ms
Program completed in 421276 ms
-----------

Reorder Sequential Lower


Start for matrices/bcsstk03.mtx
File read in 8 ms
Reorder in 0 ms
Reverse graph created in 0 ms
Finding fills
Found fills in 0 ms
Creating elimination tree (transitive reduction)
Tree with topological depth 56 for rows 112 created in 0ms
Reversing Graph
Total nonzero: 384
Normalized graph in 0 ms
Initializing result matrix
R Mat 384 384
Graph created in 0 ms
Operation completed for 384 nonzeros in 0 ms
Total time except disk io: 0 ms
Program completed in 8 ms
-----------

Reorder Sequential Lower


Start for matrices/cond-mat.mtx
File read in 19 ms
Reorder in 12 ms
Reverse graph created in 14 ms
Finding fills
Found fills in 28 ms
Creating elimination tree (transitive reduction)
Tree with topological depth 925 for rows 16726 created in 1ms
Reversing Graph
Total nonzero: 502233
Normalized graph in 6 ms
Initializing result matrix
R Mat 502233 502233
Graph created in 61 ms
Operation completed for 502233 nonzeros in 271 ms
Total time except disk io: 321 ms
Program completed in 352 ms
-----------

Reorder Sequential Lower


Start for matrices/consph.mtx
File read in 910 ms
Reorder in 271 ms
Reverse graph created in 451 ms
Finding fills
Found fills in 6240 ms
Creating elimination tree (transitive reduction)
Tree with topological depth 13182 for rows 83334 created in 9ms
Reversing Graph
Total nonzero: 112137541
Normalized graph in 1355 ms
Initializing result matrix
R Mat 112137541 112137541
Graph created in 10429 ms
Operation completed for 112137541 nonzeros in 424456 ms
Total time except disk io: 434613 ms
Program completed in 435836 ms
-----------

Reorder Sequential Lower


Start for matrices/ct20stif.mtx
File read in 413 ms
Reorder in 157 ms
Reverse graph created in 230 ms
Finding fills
Found fills in 551 ms
Creating elimination tree (transitive reduction)
Tree with topological depth 4616 for rows 52329 created in 6ms
Reversing Graph
Total nonzero: 10663321
Normalized graph in 132 ms
Initializing result matrix
R Mat 10663321 10663321
Graph created in 1168 ms
Operation completed for 10663321 nonzeros in 10132 ms
Total time except disk io: 11143 ms
Program completed in 11720 ms
-----------

Reorder Sequential Lower


Start for matrices/nd24k.mtx
File read in 3995 ms
Reorder in 2207 ms
Reverse graph created in 3639 ms
Finding fills
Found fills in 29509 ms
Creating elimination tree (transitive reduction)
Tree with topological depth 26751 for rows 72000 created in 10ms
Reversing Graph
Total nonzero: 462945908
Normalized graph in 7927 ms
Initializing result matrix
R Mat 462945908 462945908
Graph created in 51407 ms
Operation completed for 462945908 nonzeros in 4133486 ms
Total time except disk io: 4182686 ms
Program completed in 4189097 ms
-----------

Reorder Sequential Lower


Start for matrices/offshore.mtx
File read in 848 ms
Reorder in 568 ms
Reverse graph created in 737 ms
Finding fills
Found fills in 9488 ms
Creating elimination tree (transitive reduction)
Tree with topological depth 14617 for rows 259789 created in 36ms
Reversing Graph
Total nonzero: 155940956
Normalized graph in 2024 ms
Initializing result matrix
R Mat 155940956 155940956
Graph created in 15782 ms
Operation completed for 155940956 nonzeros in 518010 ms
Total time except disk io: 533224 ms
Program completed in 534700 ms
-----------

Reorder Sequential Lower


Start for matrices/parabolic_fem.mtx
File read in 751 ms
Reorder in 420 ms
Reverse graph created in 532 ms
Finding fills
Found fills in 1369 ms
Creating elimination tree (transitive reduction)
Tree with topological depth 6917 for rows 525825 created in 71ms
Reversing Graph
Total nonzero: 31718022
Normalized graph in 539 ms
Initializing result matrix
R Mat 31718022 31718022
Graph created in 3287 ms
Operation completed for 31718022 nonzeros in 23690 ms
Total time except disk io: 26557 ms
Program completed in 27742 ms
-----------

Reorder Sequential Lower


Start for matrices/s3dkq4m2.mtx
File read in 754 ms
Reorder in 174 ms
Reverse graph created in 279 ms
Finding fills
Found fills in 758 ms
Creating elimination tree (transitive reduction)
Tree with topological depth 3897 for rows 90449 created in 9ms
Reversing Graph
Total nonzero: 17919389
Normalized graph in 197 ms
Initializing result matrix
R Mat 17919389 17919389
Graph created in 1647 ms
Operation completed for 17919389 nonzeros in 13418 ms
Total time except disk io: 14891 ms
Program completed in 15826 ms
-----------

Reorder Sequential Lower


Start for matrices/s3rmt3m3.mtx
File read in 40 ms
Reorder in 7 ms
Reverse graph created in 10 ms
Finding fills
Found fills in 16 ms
Creating elimination tree (transitive reduction)
Tree with topological depth 1060 for rows 5357 created in 0ms
Reversing Graph
Total nonzero: 434558
Normalized graph in 4 ms
Initializing result matrix
R Mat 434558 434558
Graph created in 40 ms
Operation completed for 434558 nonzeros in 97 ms
Total time except disk io: 131 ms
Program completed in 179 ms
-----------

Original Sequential Upper


Start for matrices/1138_bus.mtx
File read in 9 ms
Reverse graph created in 0 ms
Finding fills
Found fills in 1 ms
Reversing Graph
Total nonzero: 38312
Normalized graph in 0 ms
Initializing result matrix
R Mat 38312 38312
Graph created in 2 ms
Operation completed for 38312 nonzeros in 2 ms
Total time except disk io: 4 ms
Program completed in 14 ms
-----------

Original Sequential Upper


Start for matrices/apache2.mtx
File read in 660 ms
Reverse graph created in 56 ms
Finding fills
-----------

Original Sequential Upper


Start for matrices/bcsstk03.mtx
File read in 0 ms
Reverse graph created in 0 ms
Finding fills
Found fills in 0 ms
Reversing Graph
Total nonzero: 384
Normalized graph in 0 ms
Initializing result matrix
R Mat 384 384
Graph created in 0 ms
Operation completed for 384 nonzeros in 0 ms
Total time except disk io: 0 ms
Program completed in 1 ms
-----------

Original Sequential Upper


Start for matrices/cond-mat.mtx
File read in 12 ms
Reverse graph created in 2 ms
Finding fills
Found fills in 3218 ms
Reversing Graph
Total nonzero: 51860569
Normalized graph in 490 ms
Initializing result matrix
R Mat 51860569 51860569
Graph created in 4848 ms
Operation completed for 51860569 nonzeros in 270550 ms
Total time except disk io: 275398 ms
Program completed in 275433 ms
-----------

Original Sequential Upper


Start for matrices/consph.mtx
File read in 963 ms
Reverse graph created in 123 ms
Finding fills
Found fills in 14176 ms
Reversing Graph
Total nonzero: 233105600
Normalized graph in 2162 ms
Initializing result matrix
R Mat 233105600 233105600
Graph created in 21513 ms
Operation completed for 233105600 nonzeros in 558737 ms
Total time except disk io: 580250 ms
Program completed in 582756 ms
-----------

Original Sequential Upper


Start for matrices/ct20stif.mtx
File read in 385 ms
Reverse graph created in 56 ms
Finding fills
Found fills in 6300 ms
Reversing Graph
Total nonzero: 114134033
Normalized graph in 1034 ms
Initializing result matrix
R Mat 114134033 114134033
Graph created in 9774 ms
Operation completed for 114134033 nonzeros in 326024 ms
Total time except disk io: 335799 ms
Program completed in 336907 ms
-----------

Original Sequential Upper


Start for matrices/nd24k.mtx
File read in 4120 ms
Reverse graph created in 1434 ms
Finding fills
-----------

Original Sequential Upper


Start for matrices/offshore.mtx
File read in 751 ms
Reverse graph created in 123 ms
Finding fills
-----------

Original Sequential Upper


Start for matrices/parabolic_fem.mtx
File read in 763 ms
Reverse graph created in 81 ms
Finding fills
-----------

Original Sequential Upper


Start for matrices/s3dkq4m2.mtx
File read in 731 ms
Reverse graph created in 76 ms
Finding fills
Found fills in 2896 ms
Reversing Graph
Total nonzero: 55071893
Normalized graph in 503 ms
Initializing result matrix
R Mat 55071893 55071893
Graph created in 4674 ms
Operation completed for 55071893 nonzeros in 17025 ms
Total time except disk io: 21700 ms
Program completed in 22833 ms
-----------

Original Sequential Upper


Start for matrices/s3rmt3m3.mtx
File read in 39 ms
Reverse graph created in 3 ms
Finding fills
Found fills in 100 ms
Reversing Graph
Total nonzero: 2209007
Normalized graph in 18 ms
Initializing result matrix
R Mat 2209007 2209007
Graph created in 173 ms
Operation completed for 2209007 nonzeros in 696 ms
Total time except disk io: 869 ms
Program completed in 910 ms
-----------

Reorder Sequential Upper


Start for matrices/1138_bus.mtx
File read in 1 ms
Reorder in 0 ms
Reverse graph created in 0 ms
Finding fills
Found fills in 0 ms
Reversing Graph
Total nonzero: 3264
Normalized graph in 0 ms
Initializing result matrix
R Mat 3264 3264
Graph created in 0 ms
Operation completed for 3264 nonzeros in 0 ms
Total time except disk io: 0 ms
Program completed in 2 ms
-----------

Reorder Sequential Upper


Start for matrices/apache2.mtx
File read in 711 ms
Reorder in 527 ms
Reverse graph created in 658 ms
Finding fills
Found fills in 8337 ms
Reversing Graph
Total nonzero: 166885643
Normalized graph in 1555 ms
Initializing result matrix
R Mat 166885643 166885643
Graph created in 14398 ms
Operation completed for 166885643 nonzeros in 214330 ms
Total time except disk io: 228202 ms
Program completed in 229500 ms
-----------

Reorder Sequential Upper


Start for matrices/bcsstk03.mtx
File read in 0 ms
Reorder in 0 ms
Reverse graph created in 0 ms
Finding fills
Found fills in 0 ms
Reversing Graph
Total nonzero: 384
Normalized graph in 0 ms
Initializing result matrix
R Mat 384 384
Graph created in 0 ms
Operation completed for 384 nonzeros in 0 ms
Total time except disk io: 0 ms
Program completed in 0 ms
-----------

Reorder Sequential Upper


Start for matrices/cond-mat.mtx
File read in 11 ms
Reorder in 10 ms
Reverse graph created in 12 ms
Finding fills
Found fills in 26 ms
Reversing Graph
Total nonzero: 502233
Normalized graph in 4 ms
Initializing result matrix
R Mat 502233 502233
Graph created in 57 ms
Operation completed for 502233 nonzeros in 147 ms
Total time except disk io: 194 ms
Program completed in 216 ms
-----------

Reorder Sequential Upper


Start for matrices/consph.mtx
File read in 909 ms
Reorder in 269 ms
Reverse graph created in 445 ms
Finding fills
Found fills in 6253 ms
Reversing Graph
Total nonzero: 112137541
Normalized graph in 1035 ms
Initializing result matrix
R Mat 112137541 112137541
Graph created in 10183 ms
Operation completed for 112137541 nonzeros in 318503 ms
Total time except disk io: 328417 ms
Program completed in 329633 ms
-----------

Reorder Sequential Upper


Start for matrices/ct20stif.mtx
File read in 423 ms
Reorder in 148 ms
Reverse graph created in 220 ms
Finding fills
Found fills in 557 ms
Reversing Graph
Total nonzero: 10663321
Normalized graph in 107 ms
Initializing result matrix
R Mat 10663321 10663321
Graph created in 1171 ms
Operation completed for 10663321 nonzeros in 5565 ms
Total time except disk io: 6589 ms
Program completed in 7165 ms
-----------

Reorder Sequential Upper


Start for matrices/nd24k.mtx
File read in 3989 ms
Reorder in 2200 ms
Reverse graph created in 3629 ms
Finding fills
Found fills in 29643 ms
Reversing Graph
Total nonzero: 462945908
Normalized graph in 4466 ms
Initializing result matrix
R Mat 462945908 462945908
Graph created in 47910 ms
Operation completed for 462945908 nonzeros in 3418555 ms
Total time except disk io: 3464265 ms
Program completed in 3470604 ms
-----------

Reorder Sequential Upper


Start for matrices/offshore.mtx
File read in 810 ms
Reorder in 534 ms
Reverse graph created in 698 ms
Finding fills
Found fills in 9055 ms
Reversing Graph
Total nonzero: 155940956
Normalized graph in 1528 ms
Initializing result matrix
R Mat 155940956 155940956
Graph created in 14834 ms
Operation completed for 155940956 nonzeros in 370457 ms
Total time except disk io: 384757 ms
Program completed in 386157 ms
-----------

Reorder Sequential Upper


Start for matrices/parabolic_fem.mtx
File read in 760 ms
Reorder in 401 ms
Reverse graph created in 514 ms
Finding fills
Found fills in 1384 ms
Reversing Graph
Total nonzero: 31718022
Normalized graph in 352 ms
Initializing result matrix
R Mat 31718022 31718022
Graph created in 3175 ms
Operation completed for 31718022 nonzeros in 10840 ms
Total time except disk io: 13613 ms
Program completed in 14788 ms
-----------

Reorder Sequential Upper


Start for matrices/s3dkq4m2.mtx
File read in 760 ms
Reorder in 173 ms
Reverse graph created in 279 ms
Finding fills
Found fills in 770 ms
Reversing Graph
Total nonzero: 17919389
Normalized graph in 163 ms
Initializing result matrix
R Mat 17919389 17919389
Graph created in 1672 ms
Operation completed for 17919389 nonzeros in 5895 ms
Total time except disk io: 7395 ms
Program completed in 8334 ms
-----------

Reorder Sequential Upper


Start for matrices/s3rmt3m3.mtx
File read in 31 ms
Reorder in 6 ms
Reverse graph created in 10 ms
Finding fills
Found fills in 16 ms
Reversing Graph
Total nonzero: 434558
Normalized graph in 3 ms
Initializing result matrix
R Mat 434558 434558
Graph created in 42 ms
Operation completed for 434558 nonzeros in 45 ms
Total time except disk io: 80 ms
Program completed in 119 ms
-----------

Original Parallel Lower


Start for matrices/1138_bus.mtx
File read in 0 ms
Reverse graph created in 0 ms
Finding fills
Found fills in 1 ms
Creating elimination tree (transitive reduction)
Tree with topological depth 544 for rows 1138 created in 0ms
Reversing Graph
Total nonzero: 38312
Normalized graph in 0 ms
Initializing result matrix
R Mat 38312 38312
Graph created in 2 ms
Operation completed for 38312 nonzeros in 5 ms
Total time except disk io: 8 ms
Program completed in 9 ms
-----------

Original Parallel Lower


Start for matrices/apache2.mtx
File read in 661 ms
Reverse graph created in 56 ms
Finding fills
-----------

Original Parallel Lower


Start for matrices/bcsstk03.mtx
File read in 0 ms
Reverse graph created in 0 ms
Finding fills
Found fills in 0 ms
Creating elimination tree (transitive reduction)
Tree with topological depth 56 for rows 112 created in 0ms
Reversing Graph
Total nonzero: 384
Normalized graph in 0 ms
Initializing result matrix
R Mat 384 384
Graph created in 0 ms
Operation completed for 384 nonzeros in 0 ms
Total time except disk io: 0 ms
Program completed in 1 ms
-----------

Original Parallel Lower


Start for matrices/cond-mat.mtx
File read in 11 ms
Reverse graph created in 2 ms
Finding fills
Found fills in 3005 ms
Creating elimination tree (transitive reduction)
Tree with topological depth 12288 for rows 16726 created in 2ms
Reversing Graph
Total nonzero: 51860569
Normalized graph in 652 ms
Initializing result matrix
R Mat 51860569 51860569
Graph created in 4749 ms
Operation completed for 51860569 nonzeros in 188213 ms
Total time except disk io: 192962 ms
Program completed in 192998 ms
-----------

Original Parallel Lower


Start for matrices/consph.mtx
File read in 893 ms
Reverse graph created in 118 ms
Finding fills
Found fills in 13258 ms
Creating elimination tree (transitive reduction)
Tree with topological depth 78946 for rows 83334 created in 9ms
Reversing Graph
Total nonzero: 233105600
Normalized graph in 2580 ms
Initializing result matrix
R Mat 233105600 233105600
Graph created in 20777 ms
Operation completed for 233105600 nonzeros in 1192659 ms
Total time except disk io: 1213437 ms
Program completed in 1214408 ms
-----------

Original Parallel Lower


Start for matrices/ct20stif.mtx
File read in 442 ms
Reverse graph created in 63 ms
Finding fills
Found fills in 6886 ms
Creating elimination tree (transitive reduction)
Tree with topological depth 35400 for rows 52329 created in 6ms
Reversing Graph
Total nonzero: 114134033
Normalized graph in 1434 ms
Initializing result matrix
R Mat 114134033 114134033
Graph created in 10855 ms
Operation completed for 114134033 nonzeros in 557722 ms
Total time except disk io: 568577 ms
Program completed in 569051 ms
-----------

Original Parallel Lower


Start for matrices/nd24k.mtx
File read in 4117 ms
Reverse graph created in 1442 ms
Finding fills
-----------

Original Parallel Lower


Start for matrices/offshore.mtx
File read in 760 ms
Reverse graph created in 127 ms
Finding fills
-----------

Original Parallel Lower


Start for matrices/parabolic_fem.mtx
File read in 756 ms
Reverse graph created in 84 ms
Finding fills
-----------

Original Parallel Lower


Start for matrices/s3dkq4m2.mtx
File read in 731 ms
Reverse graph created in 75 ms
Finding fills
Found fills in 2817 ms
Creating elimination tree (transitive reduction)
Tree with topological depth 90449 for rows 90449 created in 10ms
Reversing Graph
Total nonzero: 55071893
Normalized graph in 547 ms
Initializing result matrix
R Mat 55071893 55071893
Graph created in 4608 ms
Operation completed for 55071893 nonzeros in 29463 ms
Total time except disk io: 34071 ms
Program completed in 34830 ms
-----------

Original Parallel Lower


Start for matrices/s3rmt3m3.mtx
File read in 32 ms
Reverse graph created in 3 ms
Finding fills
Found fills in 104 ms
Creating elimination tree (transitive reduction)
Tree with topological depth 5281 for rows 5357 created in 0ms
Reversing Graph
Total nonzero: 2209007
Normalized graph in 21 ms
Initializing result matrix
R Mat 2209007 2209007
Graph created in 179 ms
Operation completed for 2209007 nonzeros in 2255 ms
Total time except disk io: 2434 ms
Program completed in 2468 ms
-----------

Reorder Parallel Lower


Start for matrices/1138_bus.mtx
File read in 1 ms
Reorder in 0 ms
Reverse graph created in 0 ms
Finding fills
Found fills in 0 ms
Creating elimination tree (transitive reduction)
Tree with topological depth 40 for rows 1138 created in 0ms
Reversing Graph
Total nonzero: 3264
Normalized graph in 0 ms
Initializing result matrix
R Mat 3264 3264
Graph created in 0 ms
Operation completed for 3264 nonzeros in 0 ms
Total time except disk io: 0 ms
Program completed in 2 ms
-----------

Reorder Parallel Lower


Start for matrices/apache2.mtx
File read in 732 ms
Reorder in 520 ms
Reverse graph created in 652 ms
Finding fills
Found fills in 8407 ms
Creating elimination tree (transitive reduction)
Tree with topological depth 13984 for rows 715176 created in 73ms
Reversing Graph
Total nonzero: 166885643
Normalized graph in 1949 ms
Initializing result matrix
R Mat 166885643 166885643
Graph created in 14709 ms
Operation completed for 166885643 nonzeros in 385686 ms
Total time except disk io: 399875 ms
Program completed in 401193 ms
-----------

Reorder Parallel Lower


Start for matrices/bcsstk03.mtx
File read in 8 ms
Reorder in 0 ms
Reverse graph created in 0 ms
Finding fills
Found fills in 0 ms
Creating elimination tree (transitive reduction)
Tree with topological depth 56 for rows 112 created in 0ms
Reversing Graph
Total nonzero: 384
Normalized graph in 0 ms
Initializing result matrix
R Mat 384 384
Graph created in 0 ms
Operation completed for 384 nonzeros in 0 ms
Total time except disk io: 0 ms
Program completed in 8 ms
-----------

Reorder Parallel Lower


Start for matrices/cond-mat.mtx
File read in 18 ms
Reorder in 10 ms
Reverse graph created in 12 ms
Finding fills
Found fills in 25 ms
Creating elimination tree (transitive reduction)
Tree with topological depth 925 for rows 16726 created in 1ms
Reversing Graph
Total nonzero: 502233
Normalized graph in 5 ms
Initializing result matrix
R Mat 502233 502233
Graph created in 56 ms
Operation completed for 502233 nonzeros in 302 ms
Total time except disk io: 347 ms
Program completed in 377 ms
-----------

Reorder Parallel Lower


Start for matrices/consph.mtx
File read in 949 ms
Reorder in 271 ms
Reverse graph created in 451 ms
Finding fills
Found fills in 6459 ms
Creating elimination tree (transitive reduction)
Tree with topological depth 13182 for rows 83334 created in 9ms
Reversing Graph
Total nonzero: 112137541
Normalized graph in 1369 ms
Initializing result matrix
R Mat 112137541 112137541
Graph created in 10648 ms
Operation completed for 112137541 nonzeros in 442260 ms
Total time except disk io: 452637 ms
Program completed in 453904 ms
-----------

Reorder Parallel Lower


Start for matrices/ct20stif.mtx
File read in 389 ms
Reorder in 142 ms
Reverse graph created in 210 ms
Finding fills
Found fills in 522 ms
Creating elimination tree (transitive reduction)
Tree with topological depth 4616 for rows 52329 created in 6ms
Reversing Graph
Total nonzero: 10663321
Normalized graph in 129 ms
Initializing result matrix
R Mat 10663321 10663321
Graph created in 1107 ms
Operation completed for 10663321 nonzeros in 10838 ms
Total time except disk io: 11804 ms
Program completed in 12340 ms
-----------

Reorder Parallel Lower


Start for matrices/nd24k.mtx
File read in 4099 ms
Reorder in 2243 ms
Reverse graph created in 3695 ms
Finding fills
Found fills in 29962 ms
Creating elimination tree (transitive reduction)
Tree with topological depth 26751 for rows 72000 created in 10ms
Reversing Graph
Total nonzero: 462945908
Normalized graph in 7971 ms
Initializing result matrix
R Mat 462945908 462945908
Graph created in 51421 ms
Operation completed for 462945908 nonzeros in 4127270 ms
Total time except disk io: 4176449 ms
Program completed in 4182964 ms
-----------

Reorder Parallel Lower


Start for matrices/offshore.mtx
File read in 759 ms
Reorder in 514 ms
Reverse graph created in 674 ms
Finding fills
Found fills in 8827 ms
Creating elimination tree (transitive reduction)
Tree with topological depth 14617 for rows 259789 created in 36ms
Reversing Graph
Total nonzero: 155940956
Normalized graph in 1996 ms
Initializing result matrix
R Mat 155940956 155940956
Graph created in 14923 ms
Operation completed for 155940956 nonzeros in 504128 ms
Total time except disk io: 518538 ms
Program completed in 519877 ms
-----------

Reorder Parallel Lower


Start for matrices/parabolic_fem.mtx
File read in 751 ms
Reorder in 399 ms
Reverse graph created in 510 ms
Finding fills
Found fills in 1371 ms
Creating elimination tree (transitive reduction)
Tree with topological depth 6917 for rows 525825 created in 69ms
Reversing Graph
Total nonzero: 31718022
Normalized graph in 543 ms
Initializing result matrix
R Mat 31718022 31718022
Graph created in 3277 ms
Operation completed for 31718022 nonzeros in 24644 ms
Total time except disk io: 27523 ms
Program completed in 28686 ms
-----------

Reorder Parallel Lower


Start for matrices/s3dkq4m2.mtx
File read in 756 ms
Reorder in 171 ms
Reverse graph created in 275 ms
Finding fills
Found fills in 758 ms
Creating elimination tree (transitive reduction)
Tree with topological depth 3897 for rows 90449 created in 9ms
Reversing Graph
Total nonzero: 17919389
Normalized graph in 197 ms
Initializing result matrix
R Mat 17919389 17919389
Graph created in 1638 ms
Operation completed for 17919389 nonzeros in 13332 ms
Total time except disk io: 14799 ms
Program completed in 15742 ms
-----------

Reorder Parallel Lower


Start for matrices/s3rmt3m3.mtx
File read in 32 ms
Reorder in 6 ms
Reverse graph created in 10 ms
Finding fills
Found fills in 16 ms
Creating elimination tree (transitive reduction)
Tree with topological depth 1060 for rows 5357 created in 0ms
Reversing Graph
Total nonzero: 434558
Normalized graph in 4 ms
Initializing result matrix
R Mat 434558 434558
Graph created in 41 ms
Operation completed for 434558 nonzeros in 107 ms
Total time except disk io: 141 ms
Program completed in 181 ms
-----------

Original Parallel Upper


Start for matrices/1138_bus.mtx
File read in 0 ms
Reverse graph created in 0 ms
Finding fills
Found fills in 1 ms
Reversing Graph
Total nonzero: 38312
Normalized graph in 0 ms
Initializing result matrix
R Mat 38312 38312
Graph created in 2 ms
Operation completed for 38312 nonzeros in 2 ms
Total time except disk io: 5 ms
Program completed in 5 ms
-----------

Original Parallel Upper


Start for matrices/apache2.mtx
File read in 707 ms
Reverse graph created in 59 ms
Finding fills
-----------

Original Parallel Upper


Start for matrices/bcsstk03.mtx
File read in 0 ms
Reverse graph created in 0 ms
Finding fills
Found fills in 0 ms
Reversing Graph
Total nonzero: 384
Normalized graph in 0 ms
Initializing result matrix
R Mat 384 384
Graph created in 0 ms
Operation completed for 384 nonzeros in 0 ms
Total time except disk io: 0 ms
Program completed in 1 ms
-----------

Original Parallel Upper


Start for matrices/cond-mat.mtx
File read in 12 ms
Reverse graph created in 2 ms
Finding fills
Found fills in 3222 ms
Reversing Graph
Total nonzero: 51860569
Normalized graph in 492 ms
Initializing result matrix
R Mat 51860569 51860569
Graph created in 4839 ms
Operation completed for 51860569 nonzeros in 160872 ms
Total time except disk io: 165711 ms
Program completed in 165751 ms
-----------

Original Parallel Upper


Start for matrices/consph.mtx
File read in 1050 ms
Reverse graph created in 131 ms
Finding fills
Found fills in 14927 ms
Reversing Graph
Total nonzero: 233105600
Normalized graph in 2183 ms
Initializing result matrix
R Mat 233105600 233105600
Graph created in 22245 ms
Operation completed for 233105600 nonzeros in 396939 ms
Total time except disk io: 419185 ms
Program completed in 420337 ms
-----------

Original Parallel Upper


Start for matrices/ct20stif.mtx
File read in 486 ms
Reverse graph created in 69 ms
Finding fills
Found fills in 7509 ms
Reversing Graph
Total nonzero: 114134033
Normalized graph in 1105 ms
Initializing result matrix
R Mat 114134033 114134033
Graph created in 11207 ms
Operation completed for 114134033 nonzeros in 242413 ms
Total time except disk io: 253620 ms
Program completed in 254149 ms
-----------

Original Parallel Upper


Start for matrices/nd24k.mtx
File read in 4723 ms
Reverse graph created in 1546 ms
Finding fills
-----------

Original Parallel Upper


Start for matrices/offshore.mtx
File read in 821 ms
Reverse graph created in 130 ms
Finding fills
-----------

Original Parallel Upper


Start for matrices/parabolic_fem.mtx
File read in 781 ms
Reverse graph created in 82 ms
Finding fills
-----------

Original Parallel Upper


Start for matrices/s3dkq4m2.mtx
File read in 803 ms
Reverse graph created in 82 ms
Finding fills
Found fills in 3083 ms
Reversing Graph
Total nonzero: 55071893
Normalized graph in 516 ms
Initializing result matrix
R Mat 55071893 55071893
Graph created in 4906 ms
Operation completed for 55071893 nonzeros in 7955 ms
Total time except disk io: 12862 ms
Program completed in 13696 ms
-----------

Original Parallel Upper


Start for matrices/s3rmt3m3.mtx
File read in 43 ms
Reverse graph created in 3 ms
Finding fills
Found fills in 113 ms
Reversing Graph
Total nonzero: 2209007
Normalized graph in 19 ms
Initializing result matrix
R Mat 2209007 2209007
Graph created in 186 ms
Operation completed for 2209007 nonzeros in 332 ms
Total time except disk io: 519 ms
Program completed in 565 ms
-----------

Reorder Parallel Upper


Start for matrices/1138_bus.mtx
File read in 1 ms
Reorder in 0 ms
Reverse graph created in 0 ms
Finding fills
Found fills in 0 ms
Reversing Graph
Total nonzero: 3264
Normalized graph in 0 ms
Initializing result matrix
R Mat 3264 3264
Graph created in 0 ms
Operation completed for 3264 nonzeros in 1 ms
Total time except disk io: 1 ms
Program completed in 4 ms
-----------

Reorder Parallel Upper


Start for matrices/apache2.mtx
File read in 732 ms
Reorder in 522 ms
Reverse graph created in 654 ms
Finding fills
Found fills in 8530 ms
Reversing Graph
Total nonzero: 166885643
Normalized graph in 1561 ms
Initializing result matrix
R Mat 166885643 166885643
Graph created in 14528 ms
Operation completed for 166885643 nonzeros in 132578 ms
Total time except disk io: 146584 ms
Program completed in 147915 ms
-----------

Reorder Parallel Upper


Start for matrices/bcsstk03.mtx
File read in 0 ms
Reorder in 0 ms
Reverse graph created in 0 ms
Finding fills
Found fills in 0 ms
Reversing Graph
Total nonzero: 384
Normalized graph in 0 ms
Initializing result matrix
R Mat 384 384
Graph created in 0 ms
Operation completed for 384 nonzeros in 0 ms
Total time except disk io: 0 ms
Program completed in 0 ms
-----------

Reorder Parallel Upper


Start for matrices/cond-mat.mtx
File read in 13 ms
Reorder in 13 ms
Reverse graph created in 15 ms
Finding fills
Found fills in 30 ms
Reversing Graph
Total nonzero: 502233
Normalized graph in 5 ms
Initializing result matrix
R Mat 502233 502233
Graph created in 66 ms
Operation completed for 502233 nonzeros in 93 ms
Total time except disk io: 146 ms
Program completed in 173 ms
-----------

Reorder Parallel Upper


Start for matrices/consph.mtx
File read in 1039 ms
Reorder in 287 ms
Reverse graph created in 479 ms
Finding fills
Found fills in 7098 ms
Reversing Graph
Total nonzero: 112137541
Normalized graph in 1066 ms
Initializing result matrix
R Mat 112137541 112137541
Graph created in 11153 ms
Operation completed for 112137541 nonzeros in 227498 ms
Total time except disk io: 238364 ms
Program completed in 239746 ms
-----------

Reorder Parallel Upper


Start for matrices/ct20stif.mtx
File read in 433 ms
Reorder in 149 ms
Reverse graph created in 223 ms
Finding fills
Found fills in 576 ms
Reversing Graph
Total nonzero: 10663321
Normalized graph in 108 ms
Initializing result matrix
R Mat 10663321 10663321
Graph created in 1189 ms
Operation completed for 10663321 nonzeros in 2188 ms
Total time except disk io: 3228 ms
Program completed in 3817 ms
-----------

Reorder Parallel Upper


Start for matrices/nd24k.mtx
File read in 4672 ms
Reorder in 2370 ms
Reverse graph created in 3959 ms
Finding fills
Found fills in 35674 ms
Reversing Graph
Total nonzero: 462945908
Normalized graph in 4596 ms
Initializing result matrix
R Mat 462945908 462945908
Graph created in 54714 ms
Operation completed for 462945908 nonzeros in 2663644 ms
Total time except disk io: 2715989 ms
Program completed in 2723222 ms
-----------

Reorder Parallel Upper


Start for matrices/offshore.mtx
File read in 832 ms
Reorder in 533 ms
Reverse graph created in 699 ms
Finding fills
Found fills in 9449 ms
Reversing Graph
Total nonzero: 155940956
Normalized graph in 1529 ms
Initializing result matrix
R Mat 155940956 155940956
Graph created in 15205 ms
Operation completed for 155940956 nonzeros in 267933 ms
Total time except disk io: 282605 ms
Program completed in 284043 ms
-----------

Reorder Parallel Upper


Start for matrices/parabolic_fem.mtx
File read in 904 ms
Reorder in 429 ms
Reverse graph created in 547 ms
Finding fills
Found fills in 1613 ms
Reversing Graph
Total nonzero: 31718022
Normalized graph in 377 ms
Initializing result matrix
R Mat 31718022 31718022
Graph created in 3503 ms
Operation completed for 31718022 nonzeros in 5354 ms
Total time except disk io: 8428 ms
Program completed in 9780 ms
-----------

Reorder Parallel Upper


Start for matrices/s3dkq4m2.mtx
File read in 862 ms
Reorder in 188 ms
Reverse graph created in 305 ms
Finding fills
Found fills in 869 ms
Reversing Graph
Total nonzero: 17919389
Normalized graph in 169 ms
Initializing result matrix
R Mat 17919389 17919389
Graph created in 1818 ms
Operation completed for 17919389 nonzeros in 2606 ms
Total time except disk io: 4235 ms
Program completed in 5295 ms
-----------

Reorder Parallel Upper


Start for matrices/s3rmt3m3.mtx
File read in 34 ms
Reorder in 7 ms
Reverse graph created in 11 ms
Finding fills
Found fills in 18 ms
Reversing Graph
Total nonzero: 434558
Normalized graph in 4 ms
Initializing result matrix
R Mat 434558 434558
Graph created in 45 ms
Operation completed for 434558 nonzeros in 27 ms
Total time except disk io: 65 ms
Program completed in 107 ms
-----------

Original Cuda Upper


Start for matrices/1138_bus.mtx
File read in 0 ms
Reverse graph created in 0 ms
Finding fills
Found fills in 1 ms
Reversing Graph
Total nonzero: 38312
Normalized graph in 0 ms
Initializing result matrix
R Mat 38312 38312
Graph created in 2 ms
0 1138
1000 1138
Operation completed for 38312 nonzeros in 184 ms
Total time except disk io: 186 ms
Program completed in 187 ms
-----------

Original Cuda Upper


Start for matrices/apache2.mtx
File read in 759 ms
Reverse graph created in 63 ms
Finding fills
-----------

Original Cuda Upper


Start for matrices/bcsstk03.mtx
File read in 0 ms
Reverse graph created in 0 ms
Finding fills
Found fills in 0 ms
Reversing Graph
Total nonzero: 384
Normalized graph in 0 ms
Initializing result matrix
R Mat 384 384
Graph created in 0 ms
0 112
Operation completed for 384 nonzeros in 107 ms
Total time except disk io: 107 ms
Program completed in 108 ms
-----------

Original Cuda Upper


Start for matrices/cond-mat.mtx
File read in 12 ms
Reverse graph created in 2 ms
Finding fills
Found fills in 3319 ms
Reversing Graph
Total nonzero: 51860569
Normalized graph in 492 ms
Initializing result matrix
R Mat 51860569 51860569
Graph created in 4956 ms
0 16726
1000 16726
...
15000 16726
16000 16726
-----------

Original Cuda Upper


Start for matrices/consph.mtx
File read in 976 ms
Reverse graph created in 121 ms
Finding fills
Found fills in 14093 ms
Reversing Graph
Total nonzero: 233105600
Normalized graph in 2142 ms
Initializing result matrix
R Mat 233105600 233105600
Graph created in 21319 ms
-----------

Original Cuda Upper


Start for matrices/ct20stif.mtx
File read in 442 ms
Reverse graph created in 62 ms
Finding fills
Found fills in 7026 ms
Reversing Graph
Total nonzero: 114134033
Normalized graph in 1056 ms
Initializing result matrix
R Mat 114134033 114134033
Graph created in 10646 ms
0 52329
1000 52329
...
51000 52329
52000 52329
Operation completed for 114134033 nonzeros in 212303 ms
Total time except disk io: 222950 ms
Program completed in 223432 ms
-----------

Original Cuda Upper


Start for matrices/nd24k.mtx
File read in 4506 ms
Reverse graph created in 1495 ms
Finding fills
-----------

Original Cuda Upper


Start for matrices/offshore.mtx
File read in 763 ms
Reverse graph created in 126 ms
Finding fills
-----------

Original Cuda Upper


Start for matrices/parabolic_fem.mtx
File read in 778 ms
Reverse graph created in 82 ms
Finding fills
-----------

Original Cuda Upper


Start for matrices/s3dkq4m2.mtx
File read in 756 ms
Reverse graph created in 78 ms
Finding fills
Found fills in 2847 ms
Reversing Graph
Total nonzero: 55071893
Normalized graph in 507 ms
Initializing result matrix
R Mat 55071893 55071893
Graph created in 4634 ms
0 90449
1000 90449
...
89000 90449
90000 90449
Operation completed for 55071893 nonzeros in 17883 ms
Total time except disk io: 22518 ms
Program completed in 23301 ms
-----------

Original Cuda Upper


Start for matrices/s3rmt3m3.mtx
File read in 34 ms
Reverse graph created in 3 ms
Finding fills
Found fills in 106 ms
Reversing Graph
Total nonzero: 2209007
Normalized graph in 19 ms
Initializing result matrix
R Mat 2209007 2209007
Graph created in 179 ms
0 5357
1000 5357
...
4000 5357
5000 5357
Operation completed for 2209007 nonzeros in 842 ms
Total time except disk io: 1022 ms
Program completed in 1057 ms
-----------

Reorder Cuda Upper


Start for matrices/1138_bus.mtx
File read in 1 ms
Reorder in 0 ms
Reverse graph created in 0 ms
Finding fills
Found fills in 0 ms
Reversing Graph
Total nonzero: 3264
Normalized graph in 0 ms
Initializing result matrix
R Mat 3264 3264
Graph created in 0 ms
0 1138
1000 1138
Operation completed for 3264 nonzeros in 149 ms
Total time except disk io: 150 ms
Program completed in 152 ms
-----------

Reorder Cuda Upper


Start for matrices/apache2.mtx
File read in 692 ms
Reorder in 505 ms
Reverse graph created in 636 ms
Finding fills
Found fills in 8195 ms
Reversing Graph
Total nonzero: 166885643
Normalized graph in 1533 ms
Initializing result matrix
R Mat 166885643 166885643
Graph created in 14111 ms
-----------

Reorder Cuda Upper


Start for matrices/bcsstk03.mtx
File read in 0 ms
Reorder in 0 ms
Reverse graph created in 0 ms
Finding fills
Found fills in 0 ms
Reversing Graph
Total nonzero: 384
Normalized graph in 0 ms
Initializing result matrix
R Mat 384 384
Graph created in 0 ms
0 112
Operation completed for 384 nonzeros in 71 ms
Total time except disk io: 71 ms
Program completed in 72 ms
-----------

Reorder Cuda Upper


Start for matrices/cond-mat.mtx
File read in 11 ms
Reorder in 10 ms
Reverse graph created in 12 ms
Finding fills
Found fills in 26 ms
Reversing Graph
Total nonzero: 502233
Normalized graph in 5 ms
Initializing result matrix
R Mat 502233 502233
Graph created in 57 ms
0 16726
1000 16726
...
15000 16726
16000 16726
-----------

Reorder Cuda Upper


Start for matrices/consph.mtx
File read in 998 ms
Reorder in 280 ms
Reverse graph created in 465 ms
Finding fills
Found fills in 6916 ms
Reversing Graph
Total nonzero: 112137541
Normalized graph in 1057 ms
Initializing result matrix
R Mat 112137541 112137541
Graph created in 10983 ms
0 83334
1000 83334
...
82000 83334
83000 83334
Operation completed for 112137541 nonzeros in 129715 ms
Total time except disk io: 140418 ms
Program completed in 141741 ms
-----------

Reorder Cuda Upper


Start for matrices/ct20stif.mtx
File read in 426 ms
Reorder in 147 ms
Reverse graph created in 220 ms
Finding fills
Found fills in 567 ms
Reversing Graph
Total nonzero: 10663321
Normalized graph in 107 ms
Initializing result matrix
R Mat 10663321 10663321
Graph created in 1175 ms
0 52329
1000 52329
...
51000 52329
52000 52329
Operation completed for 10663321 nonzeros in 6440 ms
Total time except disk io: 7467 ms
Program completed in 8044 ms
-----------

Reorder Cuda Upper


Start for matrices/nd24k.mtx
File read in 4234 ms
Reorder in 2242 ms
Reverse graph created in 3720 ms
Finding fills
Found fills in 33275 ms
Reversing Graph
Total nonzero: 462945908
Normalized graph in 4463 ms
Initializing result matrix
R Mat 462945908 462945908
Graph created in 51609 ms
-----------

Reorder Cuda Upper


Start for matrices/offshore.mtx
File read in 841 ms
Reorder in 544 ms
Reverse graph created in 712 ms
Finding fills
Found fills in 9591 ms
Reversing Graph
Total nonzero: 155940956
Normalized graph in 1543 ms
Initializing result matrix
R Mat 155940956 155940956
Graph created in 15491 ms
-----------

Reorder Cuda Upper


Start for matrices/parabolic_fem.mtx
File read in 817 ms
Reorder in 416 ms
Reverse graph created in 534 ms
Finding fills
Found fills in 1494 ms
Reversing Graph
Total nonzero: 31718022
Normalized graph in 363 ms
Initializing result matrix
R Mat 31718022 31718022
Graph created in 3343 ms
0 525825
1000 525825
...
524000 525825
525000 525825
Operation completed for 31718022 nonzeros in 44472 ms
Total time except disk io: 47399 ms
Program completed in 48653 ms
-----------

Reorder Cuda Upper


Start for matrices/s3dkq4m2.mtx
File read in 849 ms
Reorder in 185 ms
Reverse graph created in 300 ms
Finding fills
Found fills in 850 ms
Reversing Graph
Total nonzero: 17919389
Normalized graph in 169 ms
Initializing result matrix
R Mat 17919389 17919389
Graph created in 1801 ms
0 90449
1000 90449
...
89000 90449
90000 90449
Operation completed for 17919389 nonzeros in 9866 ms
Total time except disk io: 11482 ms
Program completed in 12522 ms
-----------

Reorder Cuda Upper


Start for matrices/s3rmt3m3.mtx
File read in 33 ms
Reorder in 6 ms
Reverse graph created in 10 ms
Finding fills
Found fills in 16 ms
Reversing Graph
Total nonzero: 434558
Normalized graph in 3 ms
Initializing result matrix
R Mat 434558 434558
Graph created in 42 ms
0 5357
1000 5357
...
4000 5357
5000 5357
Operation completed for 434558 nonzeros in 498 ms
Total time except disk io: 534 ms
Program completed in 574 ms
-----------

